  week3_puzzle.cpp
C:\과제\week3_puzzle\week3_puzzle\week3_puzzle.cpp(29,47): error C2661: 'createObject': 오버로드된 함수에서 2개의 인수를 사용하지 않습니다.
C:\과제\week3_puzzle\week3_puzzle\week3_puzzle.cpp(109,29): error C2061: 구문 오류: 식별자 'timer'
C:\과제\week3_puzzle\week3_puzzle\week3_puzzle.cpp(110,9): error C2065: 'timer': 선언되지 않은 식별자입니다.
C:\과제\week3_puzzle\week3_puzzle\week3_puzzle.cpp(111,20): error C2065: 'restart': 선언되지 않은 식별자입니다.
C:\과제\week3_puzzle\week3_puzzle\week3_puzzle.cpp(120,84): error C2661: 'createObject': 오버로드된 함수에서 5개의 인수를 사용하지 않습니다.
C:\과제\week3_puzzle\week3_puzzle\week3_puzzle.cpp(121,84): error C2661: 'createObject': 오버로드된 함수에서 5개의 인수를 사용하지 않습니다.
C:\과제\week3_puzzle\week3_puzzle\week3_puzzle.cpp(122,84): error C2661: 'createObject': 오버로드된 함수에서 5개의 인수를 사용하지 않습니다.
C:\과제\week3_puzzle\week3_puzzle\week3_puzzle.cpp(123,84): error C2661: 'createObject': 오버로드된 함수에서 5개의 인수를 사용하지 않습니다.
C:\과제\week3_puzzle\week3_puzzle\week3_puzzle.cpp(124,84): error C2661: 'createObject': 오버로드된 함수에서 5개의 인수를 사용하지 않습니다.
C:\과제\week3_puzzle\week3_puzzle\week3_puzzle.cpp(125,84): error C2661: 'createObject': 오버로드된 함수에서 5개의 인수를 사용하지 않습니다.
C:\과제\week3_puzzle\week3_puzzle\week3_puzzle.cpp(126,84): error C2661: 'createObject': 오버로드된 함수에서 5개의 인수를 사용하지 않습니다.
C:\과제\week3_puzzle\week3_puzzle\week3_puzzle.cpp(127,84): error C2661: 'createObject': 오버로드된 함수에서 5개의 인수를 사용하지 않습니다.
C:\과제\week3_puzzle\week3_puzzle\week3_puzzle.cpp(128,71): error C2661: 'createObject': 오버로드된 함수에서 5개의 인수를 사용하지 않습니다.
C:\과제\week3_puzzle\week3_puzzle\week3_puzzle.cpp(129,85): error C2661: 'createObject': 오버로드된 함수에서 5개의 인수를 사용하지 않습니다.
C:\과제\week3_puzzle\week3_puzzle\week3_puzzle.cpp(131,30): error C3688: 잘못된 리터럴 접두사 'f'입니다. 리터럴 연산자 또는 리터럴 연산자 템플릿 '연산자 ""f'을(를) 찾을 수 없습니다.
C:\과제\week3_puzzle\week3_puzzle\week3_puzzle.cpp(132,5): error C3861: 'ShowTimer': 식별자를 찾을 수 없습니다.
C:\과제\week3_puzzle\week3_puzzle\week3_puzzle.cpp(133,61): error C2661: 'createObject': 오버로드된 함수에서 5개의 인수를 사용하지 않습니다.
C:\과제\week3_puzzle\week3_puzzle\week3_puzzle.cpp(134,5): error C2065: 'restart': 선언되지 않은 식별자입니다.
C:\과제\week3_puzzle\week3_puzzle\week3_puzzle.cpp(134,66): error C2661: 'createObject': 오버로드된 함수에서 5개의 인수를 사용하지 않습니다.
